[2021-09-02 19:01:36]	[done]
	build successfully !

[2021-09-02 19:02:41]	[done]
	build successfully !

[2021-09-02 19:03:51]	[done]
	build successfully !

[2021-09-02 19:09:30]	[done]
	build successfully !

[2021-09-02 19:38:15]	[done]
	build successfully !

[2021-09-02 19:39:43]	[done]
	build successfully !

[2021-09-02 19:39:51]	[done]
	build successfully !

[2021-09-02 19:40:07]	[done]
	build successfully !

[2021-09-02 19:41:16]	[done]
	build successfully !

[2021-09-02 19:47:14]	[done]
	build successfully !

[2021-09-02 19:48:37]	[done]
	build successfully !

[2021-09-02 19:49:05]	[done]
	build successfully !

[2021-09-02 19:49:44]	[done]
	build successfully !

[2021-09-02 19:53:54]	[done]
	build successfully !

[2021-09-02 19:59:03]	[done]
	build successfully !

[2021-09-02 20:01:12]	[done]
	build successfully !

[2021-09-02 20:01:47]	[done]
	build successfully !

[2021-09-02 20:05:59]	[done]
	build successfully !

[2021-09-02 20:07:28]	[done]
	build successfully !

[2021-09-02 20:08:09]	[done]
	build successfully !

[2021-09-02 20:10:19]	[done]
	build successfully !

[2021-09-02 20:11:36]	[done]
	build successfully !

[2021-09-02 20:12:21]	[done]
	build successfully !

[2021-09-02 20:13:49]	[done]
	build successfully !

[2021-09-02 20:15:23]	[done]
	build successfully !

[2021-09-02 20:17:40]	[done]
	build successfully !

[2021-09-02 20:20:30]	compilation failed at : "d:\CODES\STMProject\G0\OLEDGAMER\games\bitmaps.c", exit code: 1
  at unify_builder.Program.Main (System.String[] args) [0x0111d] in <9b26f9d89171412e906be2920459dd57>:0 

[2021-09-02 20:20:46]	compilation failed at : "d:\CODES\STMProject\G0\OLEDGAMER\userlib\S_U8G2.c", exit code: 1
  at unify_builder.Program.Main (System.String[] args) [0x0111d] in <9b26f9d89171412e906be2920459dd57>:0 

[2021-09-02 20:21:40]	compilation failed at : "d:\CODES\STMProject\G0\OLEDGAMER\games\bitmaps.c", exit code: 1
  at unify_builder.Program.Main (System.String[] args) [0x0111d] in <9b26f9d89171412e906be2920459dd57>:0 

[2021-09-02 20:21:56]	[done]
	build successfully !

[2021-09-02 20:25:29]	[done]
	build successfully !

[2021-09-02 20:26:14]	[done]
	build successfully !

[2021-09-02 20:28:10]	[done]
	build successfully !

[2021-09-02 20:29:05]	[done]
	build successfully !

[2021-09-02 20:31:43]	[done]
	build successfully !

[2021-09-02 20:33:18]	[done]
	build successfully !

